[2025-06-07 09:07:29,235] 1025 httpx - INFO - HTTP Request: GET https://dagshub.com/api/v1/user "HTTP/1.1 200 OK"
[2025-06-07 09:07:29,240] 107 dagshub - INFO - Accessing as Jana2207
[2025-06-07 09:07:29,620] 1025 httpx - INFO - HTTP Request: GET https://dagshub.com/api/v1/repos/Jana2207/Network_security "HTTP/1.1 200 OK"
[2025-06-07 09:07:30,001] 1025 httpx - INFO - HTTP Request: GET https://dagshub.com/api/v1/user "HTTP/1.1 200 OK"
[2025-06-07 09:07:30,003] 107 dagshub - INFO - Initialized MLflow to track repo "Jana2207/Network_security"
[2025-06-07 09:07:30,004] 107 dagshub - INFO - Repository Jana2207/Network_security initialized!
[2025-06-07 09:08:11,070] 41 root - INFO - Starting data ingestion
[2025-06-07 09:08:17,110] 87 root - INFO - Performed train-test split on the data.
[2025-06-07 09:08:17,110] 88 root - INFO - Exited split_data_as_train_test method from DataIngestion.
[2025-06-07 09:08:17,111] 94 root - INFO - Exporting train and test file paths.
[2025-06-07 09:08:17,185] 104 root - INFO - Exported train and test file paths.
[2025-06-07 09:08:17,185] 44 root - INFO - Data ingestion completed and artifact:DataIngestionArtifact(trained_file_path='Artifacts\\06_07_2025_09_07_27\\data_ingestion\\ingested\\train.csv', test_file_path='Artifacts\\06_07_2025_09_07_27\\data_ingestion\\ingested\\test.csv')
[2025-06-07 09:08:17,185] 51 root - INFO - Starting data validation
[2025-06-07 09:08:17,266] 49 root - INFO - Required number of columns: 31
[2025-06-07 09:08:17,266] 50 root - INFO - Available number of columns: 31
[2025-06-07 09:08:17,267] 49 root - INFO - Required number of columns: 31
[2025-06-07 09:08:17,267] 50 root - INFO - Available number of columns: 31
[2025-06-07 09:08:17,267] 63 root - INFO - Required number of numerical columns: 31
[2025-06-07 09:08:17,270] 67 root - INFO - Available number of numerical columns: 31
[2025-06-07 09:08:17,270] 63 root - INFO - Required number of numerical columns: 31
[2025-06-07 09:08:17,271] 67 root - INFO - Available number of numerical columns: 31
[2025-06-07 09:08:17,488] 56 root - INFO - Data validation completed and artifact: DataValidationArtifact(validation_status=True, valid_train_file_path='Artifacts\\06_07_2025_09_07_27\\data_validation\\validated\\train.csv', valid_test_file_path='Artifacts\\06_07_2025_09_07_27\\data_validation\\validated\\test.csv', invalid_train_file_path=None, invalid_test_file_path=None, drift_report_file_path='Artifacts\\06_07_2025_09_07_27\\data_validation\\drift_report\\report.yaml')
[2025-06-07 09:08:17,489] 63 root - INFO - Data transfrmation started
[2025-06-07 09:08:17,489] 74 root - INFO - Entered into the initiate_data_transformation method of DataTransformation class
[2025-06-07 09:08:17,489] 76 root - INFO - Starting the data transformation
[2025-06-07 09:08:17,551] 59 root - INFO - Entered get_data_transformation_object method of DataTransformation class
[2025-06-07 09:08:17,551] 63 root - INFO - Initializing KNNImputer with {'missing_values': nan, 'n_neighbors': 3, 'weights': 'uniform'}
[2025-06-07 09:08:17,571] 49 root - INFO - Enters the save_object method of utils class
[2025-06-07 09:08:17,574] 53 root - INFO - Exited the save_object method from utils class
[2025-06-07 09:08:17,574] 49 root - INFO - Enters the save_object method of utils class
[2025-06-07 09:08:17,577] 53 root - INFO - Exited the save_object method from utils class
[2025-06-07 09:08:17,578] 68 root - INFO - Data transforamation completed and artifact: DataTransformationArtifact(transformed_object_file_path='Artifacts\\06_07_2025_09_07_27\\transformation\\transformed_object\\preprocessing.pkl', transformed_train_file_path='Artifacts\\06_07_2025_09_07_27\\transformation\\transformed\\train.npy', transformed_test_file_path='Artifacts\\06_07_2025_09_07_27\\transformation\\transformed\\test.npy')
[2025-06-07 09:08:17,578] 75 root - INFO - Model traininig started
[2025-06-07 09:08:31,716] 163 root - INFO - Best model: RandomForestClassifier(criterion='log_loss', verbose=1) with parameters: {'algorithm': 'deprecated', 'estimator': None, 'learning_rate': 0.1, 'n_estimators': 50, 'random_state': None} and score: 0.9746720940750792
[2025-06-07 09:08:31,740] 178 root - INFO - Train metrics: ClassificationMetricArtifact(f1_score=0.9904568527918781, precision_score=0.9894523326572008, recall=0.9914634146341463, accuracy=0.9893713251922207, auc_roc=np.float64(0.9891058153700802))
[2025-06-07 09:08:31,741] 180 root - INFO - Test metrics: ClassificationMetricArtifact(f1_score=0.977491961414791, precision_score=0.9720223820943246, recall=0.9830234438156831, accuracy=0.9746720940750792, auc_roc=np.float64(0.9735445761172871))
[2025-06-07 09:08:53,287] 49 root - INFO - Enters the save_object method of utils class
[2025-06-07 09:08:53,309] 53 root - INFO - Exited the save_object method from utils class
[2025-06-07 09:08:53,309] 49 root - INFO - Enters the save_object method of utils class
[2025-06-07 09:08:53,333] 53 root - INFO - Exited the save_object method from utils class
[2025-06-07 09:08:53,334] 211 root - INFO - Model trainer artifact: ModelTrainingArtifact(trained_model_path='Artifacts\\06_07_2025_09_07_27\\model_trainer\\trained_model\\model.pkl', train_metric_artifact=ClassificationMetricArtifact(f1_score=0.9904568527918781, precision_score=0.9894523326572008, recall=0.9914634146341463, accuracy=0.9893713251922207, auc_roc=np.float64(0.9891058153700802)), test_metric_artifact=ClassificationMetricArtifact(f1_score=0.977491961414791, precision_score=0.9720223820943246, recall=0.9830234438156831, accuracy=0.9746720940750792, auc_roc=np.float64(0.9735445761172871)))
[2025-06-07 09:08:53,336] 80 root - INFO - Model training completed and artifact: <networksecurity.entity.config_entity.ModelTrainingConfig object at 0x000002860432FC10>
